[2024-07-16T18:16:22.802788+02:00] app_logger.INFO: Authentication successful for user: admin [] []
[2024-07-16T18:16:22.804384+02:00] app_logger.WARNING: Authentication failed for user: user [] []
[2024-07-16T18:16:22.804443+02:00] app_logger.INFO: Transaction 12345 status: started [] []
[2024-07-16T18:16:22.804819+02:00] app_logger.INFO: Admin action performed by admin: delete_user [] []
[2024-07-16T18:23:03.100009+02:00] app_logger.INFO: Authentication successful for user: admin [] []
[2024-07-16T18:23:03.101384+02:00] app_logger.WARNING: Authentication failed for user: user [] []
[2024-07-16T18:23:03.101428+02:00] app_logger.INFO: Transaction 12345 status: started [] []
[2024-07-16T18:23:03.101477+02:00] app_logger.INFO: Admin action performed by admin: delete_user [] []
[2024-07-16T18:23:04.986795+02:00] app_logger.INFO: Authentication successful for user: admin [] []
[2024-07-16T18:23:04.987895+02:00] app_logger.WARNING: Authentication failed for user: user [] []
[2024-07-16T18:23:04.987932+02:00] app_logger.INFO: Transaction 12345 status: started [] []
[2024-07-16T18:23:04.987965+02:00] app_logger.INFO: Admin action performed by admin: delete_user [] []
[2024-07-16T18:29:50.760264+02:00] app_logger.INFO: Authentication successful for user: admin [] []
[2024-07-16T18:29:50.761616+02:00] app_logger.WARNING: Authentication failed for user: user [] []
[2024-07-16T18:29:50.761649+02:00] app_logger.INFO: Transaction 12 status: started [] []
[2024-07-16T18:29:50.761750+02:00] app_logger.INFO: Admin action performed by admin: delete_user [] []
[2024-08-07T15:07:35.151481+02:00] app_logger.INFO: Authentication successful for user: admin [] []
[2024-08-07T15:07:35.152626+02:00] app_logger.WARNING: Authentication failed for user: user [] []
[2024-08-07T15:07:35.152670+02:00] app_logger.INFO: Transaction 12 status: started [] []
[2024-08-07T15:07:35.152781+02:00] app_logger.INFO: Admin action performed by admin: delete_user [] []
[2024-08-07T15:08:36.394672+02:00] app_logger.INFO: Authentication successful for user: admin [] []
[2024-08-07T15:08:36.395857+02:00] app_logger.WARNING: Authentication failed for user: user [] []
[2024-08-07T15:08:36.395891+02:00] app_logger.INFO: Transaction 12 status: started [] []
[2024-08-07T15:08:36.396174+02:00] app_logger.INFO: Admin action performed by admin: delete_user [] []
[2024-08-07 17:43:17] [Login Successful] Email: admin@example.com - Role: Administrator
[2024-08-07 18:22:27] [Access] Admin accessed the specials page
[2024-08-07 18:23:17] [Access] Admin accessed the menu page
[2024-08-07 18:24:23] [Access] Admin accessed the menu page
[2024-08-07 18:24:23] [Create] Admin created a menu item:  with price 
[2024-08-07 18:24:25] [Access] Admin accessed the menu page
[2024-08-07 18:25:13] [Access] Admin accessed the menu page
[2024-08-07 18:25:13] [Delete] Admin deleted menu item ID: 
[2024-08-07 18:25:15] [Access] Admin accessed the menu page
[2024-08-08 15:47:11] [Access] Admin accessed the specials page
[2024-08-09 02:21:45] [Login Successful] Email: test@gmail.com - Role: User
[2024-08-09 02:27:09] [Login Successful] Email: test@gmail.com - Role: User
[2024-08-09 03:23:24] [Login Successful] Email: admin@example.com - Role: Administrator
[2024-08-09 03:24:03] [Access] Admin accessed the menu page
[2024-08-09 03:25:02] [Access] Admin accessed the menu page
[2024-08-09 03:25:02] [Create] Admin created a menu item:  with price 
[2024-08-09 03:25:10] [Access] Admin accessed the menu page
[2024-08-09 03:25:13] [Access] Admin accessed the menu page
[2024-08-09 03:25:20] [Access] Admin accessed the menu page
[2024-08-09 03:26:11] [Access] Admin accessed the menu page
